Determining if the pthread_create exist failed with the following output:
Change Dir: /home/xuhaoz/catkin_ws/src/ORB_SLAM2/Examples/ROS/ORB_SLAM2/build/CMakeFiles/CMakeTmp

Run Build Command:"/usr/bin/make" "cmTC_5090a/fast"
/usr/bin/make -f CMakeFiles/cmTC_5090a.dir/build.make CMakeFiles/cmTC_5090a.dir/build
make[1]: Entering directory '/home/xuhaoz/catkin_ws/src/ORB_SLAM2/Examples/ROS/ORB_SLAM2/build/CMakeFiles/CMakeTmp'
Building C object CMakeFiles/cmTC_5090a.dir/CheckSymbolExists.c.o
/usr/bin/cc    -o CMakeFiles/cmTC_5090a.dir/CheckSymbolExists.c.o   -c /home/xuhaoz/catkin_ws/src/ORB_SLAM2/Examples/ROS/ORB_SLAM2/build/CMakeFiles/CMakeTmp/CheckSymbolExists.c
Linking C executable cmTC_5090a
/usr/bin/cmake -E cmake_link_script CMakeFiles/cmTC_5090a.dir/link.txt --verbose=1
/usr/bin/cc      -rdynamic CMakeFiles/cmTC_5090a.dir/CheckSymbolExists.c.o  -o cmTC_5090a 
CMakeFiles/cmTC_5090a.dir/CheckSymbolExists.c.o: In function `main':
CheckSymbolExists.c:(.text+0x1b): undefined reference to `pthread_create'
collect2: error: ld returned 1 exit status
CMakeFiles/cmTC_5090a.dir/build.make:97: recipe for target 'cmTC_5090a' failed
make[1]: *** [cmTC_5090a] Error 1
make[1]: Leaving directory '/home/xuhaoz/catkin_ws/src/ORB_SLAM2/Examples/ROS/ORB_SLAM2/build/CMakeFiles/CMakeTmp'
Makefile:126: recipe for target 'cmTC_5090a/fast' failed
make: *** [cmTC_5090a/fast] Error 2

File /home/xuhaoz/catkin_ws/src/ORB_SLAM2/Examples/ROS/ORB_SLAM2/build/CMakeFiles/CMakeTmp/CheckSymbolExists.c:
/* */
#include <pthread.h>

int main(int argc, char** argv)
{
  (void)argv;
#ifndef pthread_create
  return ((int*)(&pthread_create))[argc];
#else
  (void)argc;
  return 0;
#endif
}

Determining if the function pthread_create exists in the pthreads failed with the following output:
Change Dir: /home/xuhaoz/catkin_ws/src/ORB_SLAM2/Examples/ROS/ORB_SLAM2/build/CMakeFiles/CMakeTmp

Run Build Command:"/usr/bin/make" "cmTC_3720e/fast"
/usr/bin/make -f CMakeFiles/cmTC_3720e.dir/build.make CMakeFiles/cmTC_3720e.dir/build
make[1]: Entering directory '/home/xuhaoz/catkin_ws/src/ORB_SLAM2/Examples/ROS/ORB_SLAM2/build/CMakeFiles/CMakeTmp'
Building C object CMakeFiles/cmTC_3720e.dir/CheckFunctionExists.c.o
/usr/bin/cc   -DCHECK_FUNCTION_EXISTS=pthread_create   -o CMakeFiles/cmTC_3720e.dir/CheckFunctionExists.c.o   -c /usr/share/cmake-3.10/Modules/CheckFunctionExists.c
Linking C executable cmTC_3720e
/usr/bin/cmake -E cmake_link_script CMakeFiles/cmTC_3720e.dir/link.txt --verbose=1
/usr/bin/cc  -DCHECK_FUNCTION_EXISTS=pthread_create    -rdynamic CMakeFiles/cmTC_3720e.dir/CheckFunctionExists.c.o  -o cmTC_3720e -lpthreads 
/usr/bin/ld: cannot find -lpthreads
collect2: error: ld returned 1 exit status
CMakeFiles/cmTC_3720e.dir/build.make:97: recipe for target 'cmTC_3720e' failed
make[1]: *** [cmTC_3720e] Error 1
make[1]: Leaving directory '/home/xuhaoz/catkin_ws/src/ORB_SLAM2/Examples/ROS/ORB_SLAM2/build/CMakeFiles/CMakeTmp'
Makefile:126: recipe for target 'cmTC_3720e/fast' failed
make: *** [cmTC_3720e/fast] Error 2


